[0.739s] Invoking command in '/home/sanjay25/ROS2-Workspace/src': PYTHONPATH=/home/sanjay25/ROS2-Workspace/build/robot_pkg/prefix_override:/usr/lib/python3/dist-packages/colcon_core/task/python/colcon_distutils_commands:/home/sanjay25/ROS2-Workspace/install/robot_pkg/lib/python3.10/site-packages:${PYTHONPATH} /usr/bin/python3 -W ignore:setup.py install is deprecated -W ignore:easy_install command is deprecated setup.py egg_info --egg-base ../build/robot_pkg build --build-base /home/sanjay25/ROS2-Workspace/build/robot_pkg/build install --record /home/sanjay25/ROS2-Workspace/build/robot_pkg/install.log --single-version-externally-managed install_data
[0.977s] running egg_info
[0.978s] writing ../build/robot_pkg/robot_pkg.egg-info/PKG-INFO
[0.979s] writing dependency_links to ../build/robot_pkg/robot_pkg.egg-info/dependency_links.txt
[0.979s] writing entry points to ../build/robot_pkg/robot_pkg.egg-info/entry_points.txt
[0.979s] writing requirements to ../build/robot_pkg/robot_pkg.egg-info/requires.txt
[0.979s] writing top-level names to ../build/robot_pkg/robot_pkg.egg-info/top_level.txt
[0.993s] reading manifest file '../build/robot_pkg/robot_pkg.egg-info/SOURCES.txt'
[0.993s] writing manifest file '../build/robot_pkg/robot_pkg.egg-info/SOURCES.txt'
[0.993s] running build
[0.993s] running build_py
[0.993s] running install
[0.993s] running install_lib
[0.993s] running install_data
[0.993s] running install_egg_info
[0.993s] removing '/home/sanjay25/ROS2-Workspace/install/robot_pkg/lib/python3.10/site-packages/robot_pkg-0.0.0-py3.10.egg-info' (and everything under it)
[0.993s] Copying ../build/robot_pkg/robot_pkg.egg-info to /home/sanjay25/ROS2-Workspace/install/robot_pkg/lib/python3.10/site-packages/robot_pkg-0.0.0-py3.10.egg-info
[0.993s] running install_scripts
[1.013s] Installing controller script to /home/sanjay25/ROS2-Workspace/install/robot_pkg/lib/robot_pkg
[1.013s] writing list of installed files to '/home/sanjay25/ROS2-Workspace/build/robot_pkg/install.log'
[1.050s] Invoked command in '/home/sanjay25/ROS2-Workspace/src' returned '0': PYTHONPATH=/home/sanjay25/ROS2-Workspace/build/robot_pkg/prefix_override:/usr/lib/python3/dist-packages/colcon_core/task/python/colcon_distutils_commands:/home/sanjay25/ROS2-Workspace/install/robot_pkg/lib/python3.10/site-packages:${PYTHONPATH} /usr/bin/python3 -W ignore:setup.py install is deprecated -W ignore:easy_install command is deprecated setup.py egg_info --egg-base ../build/robot_pkg build --build-base /home/sanjay25/ROS2-Workspace/build/robot_pkg/build install --record /home/sanjay25/ROS2-Workspace/build/robot_pkg/install.log --single-version-externally-managed install_data
