running egg_info
creating ../build/robot_pkg/robot_pkg.egg-info
writing ../build/robot_pkg/robot_pkg.egg-info/PKG-INFO
writing dependency_links to ../build/robot_pkg/robot_pkg.egg-info/dependency_links.txt
writing entry points to ../build/robot_pkg/robot_pkg.egg-info/entry_points.txt
writing requirements to ../build/robot_pkg/robot_pkg.egg-info/requires.txt
writing top-level names to ../build/robot_pkg/robot_pkg.egg-info/top_level.txt
writing manifest file '../build/robot_pkg/robot_pkg.egg-info/SOURCES.txt'
reading manifest file '../build/robot_pkg/robot_pkg.egg-info/SOURCES.txt'
writing manifest file '../build/robot_pkg/robot_pkg.egg-info/SOURCES.txt'
running build
running build_py
creating /home/sanjay25/ROS2-Workspace/build/robot_pkg/build
creating /home/sanjay25/ROS2-Workspace/build/robot_pkg/build/lib
creating /home/sanjay25/ROS2-Workspace/build/robot_pkg/build/lib/robot_pkg
copying robot_pkg/__init__.py -> /home/sanjay25/ROS2-Workspace/build/robot_pkg/build/lib/robot_pkg
copying robot_pkg/controller.py -> /home/sanjay25/ROS2-Workspace/build/robot_pkg/build/lib/robot_pkg
running install
running install_lib
creating /home/sanjay25/ROS2-Workspace/install/robot_pkg/lib/python3.10/site-packages/robot_pkg
copying /home/sanjay25/ROS2-Workspace/build/robot_pkg/build/lib/robot_pkg/__init__.py -> /home/sanjay25/ROS2-Workspace/install/robot_pkg/lib/python3.10/site-packages/robot_pkg
copying /home/sanjay25/ROS2-Workspace/build/robot_pkg/build/lib/robot_pkg/controller.py -> /home/sanjay25/ROS2-Workspace/install/robot_pkg/lib/python3.10/site-packages/robot_pkg
byte-compiling /home/sanjay25/ROS2-Workspace/install/robot_pkg/lib/python3.10/site-packages/robot_pkg/__init__.py to __init__.cpython-310.pyc
byte-compiling /home/sanjay25/ROS2-Workspace/install/robot_pkg/lib/python3.10/site-packages/robot_pkg/controller.py to controller.cpython-310.pyc
running install_data
creating /home/sanjay25/ROS2-Workspace/install/robot_pkg/share/ament_index
creating /home/sanjay25/ROS2-Workspace/install/robot_pkg/share/ament_index/resource_index
creating /home/sanjay25/ROS2-Workspace/install/robot_pkg/share/ament_index/resource_index/packages
copying resource/robot_pkg -> /home/sanjay25/ROS2-Workspace/install/robot_pkg/share/ament_index/resource_index/packages
copying package.xml -> /home/sanjay25/ROS2-Workspace/install/robot_pkg/share/robot_pkg
creating /home/sanjay25/ROS2-Workspace/install/robot_pkg/share/robot_pkg/launch
copying launch/robot.launch.py -> /home/sanjay25/ROS2-Workspace/install/robot_pkg/share/robot_pkg/launch
creating /home/sanjay25/ROS2-Workspace/install/robot_pkg/share/robot_pkg/urdf
copying urdf/robot.urdf -> /home/sanjay25/ROS2-Workspace/install/robot_pkg/share/robot_pkg/urdf
creating /home/sanjay25/ROS2-Workspace/install/robot_pkg/share/robot_pkg/config
copying config/robot_config.yaml -> /home/sanjay25/ROS2-Workspace/install/robot_pkg/share/robot_pkg/config
running install_egg_info
Copying ../build/robot_pkg/robot_pkg.egg-info to /home/sanjay25/ROS2-Workspace/install/robot_pkg/lib/python3.10/site-packages/robot_pkg-0.0.0-py3.10.egg-info
running install_scripts
Installing controller script to /home/sanjay25/ROS2-Workspace/install/robot_pkg/lib/robot_pkg
writing list of installed files to '/home/sanjay25/ROS2-Workspace/build/robot_pkg/install.log'
